<?xml version="1.0" encoding="UTF-8"?>
<!-- Generated by org.testng.reporters.JUnitXMLReporter -->
<testsuite ignored="0" hostname="DESKTOP-F6MI7JJ" failures="0" tests="5" name="Default test" time="5.163" errors="0" timestamp="2022-02-04T12:57:35 IST">
  <testcase classname="parameterization.Datadriven" name="test_post" time="3.448"/>
  <testcase classname="parameterization.Datadriven" name="test_post" time="0.403"/>
  <testcase classname="parameterization.Datadriven" name="test_post" time="0.409"/>
  <testcase classname="parameterization.Datadriven" name="test_post" time="0.42"/>
  <testcase classname="parameterization.Datadriven" name="test_post" time="0.409"/>
</testsuite> <!-- Default test -->
