<?xml version="1.0" encoding="UTF-8"?>
<!-- Generated by org.testng.reporters.JUnitXMLReporter -->
<testsuite ignored="0" hostname="DESKTOP-F6MI7JJ" failures="0" tests="3" name="Default test" time="3.396" errors="0" timestamp="2022-02-07T01:55:03 IST">
  <testcase classname="dataprovider" name="test_post" time="2.633"/>
  <testcase classname="dataprovider" name="test_post" time="0.371"/>
  <testcase classname="dataprovider" name="test_post" time="0.339"/>
</testsuite> <!-- Default test -->
