<?xml version="1.0" encoding="UTF-8"?>
<testng-results ignored="0" total="5" passed="5" failed="0" skipped="0">
  <reporter-output>
  </reporter-output>
  <suite started-at="2022-02-04T12:57:29 IST" name="Default suite" finished-at="2022-02-04T12:57:35 IST" duration-ms="5163">
    <groups>
    </groups>
    <test started-at="2022-02-04T12:57:29 IST" name="Default test" finished-at="2022-02-04T12:57:35 IST" duration-ms="5163">
      <class name="parameterization.Datadriven">
        <test-method signature="test_post(java.lang.String,java.lang.String)[pri:0, instance:parameterization.Datadriven@5fdcaa40]" started-at="2022-02-04T12:57:30 IST" name="test_post" data-provider="DataForPost" finished-at="2022-02-04T12:57:33 IST" duration-ms="3448" status="PASS">
          <params>
            <param index="0">
              <value>
                <![CDATA[Vasthav]]>
              </value>
            </param>
            <param index="1">
              <value>
                <![CDATA[Engineer]]>
              </value>
            </param>
          </params>
          <reporter-output>
          </reporter-output>
        </test-method> <!-- test_post -->
        <test-method signature="test_post(java.lang.String,java.lang.String)[pri:0, instance:parameterization.Datadriven@5fdcaa40]" started-at="2022-02-04T12:57:33 IST" name="test_post" data-provider="DataForPost" finished-at="2022-02-04T12:57:33 IST" duration-ms="403" status="PASS">
          <params>
            <param index="0">
              <value>
                <![CDATA[Chinnu]]>
              </value>
            </param>
            <param index="1">
              <value>
                <![CDATA[Designer]]>
              </value>
            </param>
          </params>
          <reporter-output>
          </reporter-output>
        </test-method> <!-- test_post -->
        <test-method signature="test_post(java.lang.String,java.lang.String)[pri:0, instance:parameterization.Datadriven@5fdcaa40]" started-at="2022-02-04T12:57:33 IST" name="test_post" data-provider="DataForPost" finished-at="2022-02-04T12:57:34 IST" duration-ms="409" status="PASS">
          <params>
            <param index="0">
              <value>
                <![CDATA[IronMan]]>
              </value>
            </param>
            <param index="1">
              <value>
                <![CDATA[Industrialist]]>
              </value>
            </param>
          </params>
          <reporter-output>
          </reporter-output>
        </test-method> <!-- test_post -->
        <test-method signature="test_post(java.lang.String,java.lang.String)[pri:0, instance:parameterization.Datadriven@5fdcaa40]" started-at="2022-02-04T12:57:34 IST" name="test_post" data-provider="DataForPost" finished-at="2022-02-04T12:57:34 IST" duration-ms="420" status="PASS">
          <params>
            <param index="0">
              <value>
                <![CDATA[Dr.Strange]]>
              </value>
            </param>
            <param index="1">
              <value>
                <![CDATA[Magician]]>
              </value>
            </param>
          </params>
          <reporter-output>
          </reporter-output>
        </test-method> <!-- test_post -->
        <test-method signature="test_post(java.lang.String,java.lang.String)[pri:0, instance:parameterization.Datadriven@5fdcaa40]" started-at="2022-02-04T12:57:34 IST" name="test_post" data-provider="DataForPost" finished-at="2022-02-04T12:57:35 IST" duration-ms="409" status="PASS">
          <params>
            <param index="0">
              <value>
                <![CDATA[SteveRogers]]>
              </value>
            </param>
            <param index="1">
              <value>
                <![CDATA[Captain]]>
              </value>
            </param>
          </params>
          <reporter-output>
          </reporter-output>
        </test-method> <!-- test_post -->
      </class> <!-- parameterization.Datadriven -->
    </test> <!-- Default test -->
  </suite> <!-- Default suite -->
</testng-results>
