<?xml version="1.0" encoding="UTF-8"?>
<testng-results ignored="0" total="3" passed="3" failed="0" skipped="0">
  <reporter-output>
  </reporter-output>
  <suite started-at="2022-02-07T01:55:00 IST" name="Default suite" finished-at="2022-02-07T01:55:03 IST" duration-ms="3396">
    <groups>
    </groups>
    <test started-at="2022-02-07T01:55:00 IST" name="Default test" finished-at="2022-02-07T01:55:03 IST" duration-ms="3396">
      <class name="dataprovider">
        <test-method signature="test_post(java.lang.String,java.lang.String)[pri:0, instance:dataprovider@5e0826e7]" started-at="2022-02-07T01:55:00 IST" name="test_post" data-provider="postdata" finished-at="2022-02-07T01:55:03 IST" duration-ms="2633" status="PASS">
          <params>
            <param index="0">
              <value>
                <![CDATA[Vasthav]]>
              </value>
            </param>
            <param index="1">
              <value>
                <![CDATA[Engineer]]>
              </value>
            </param>
          </params>
          <reporter-output>
          </reporter-output>
        </test-method> <!-- test_post -->
        <test-method signature="test_post(java.lang.String,java.lang.String)[pri:0, instance:dataprovider@5e0826e7]" started-at="2022-02-07T01:55:03 IST" name="test_post" data-provider="postdata" finished-at="2022-02-07T01:55:03 IST" duration-ms="371" status="PASS">
          <params>
            <param index="0">
              <value>
                <![CDATA[Chinnu]]>
              </value>
            </param>
            <param index="1">
              <value>
                <![CDATA[Designer]]>
              </value>
            </param>
          </params>
          <reporter-output>
          </reporter-output>
        </test-method> <!-- test_post -->
        <test-method signature="test_post(java.lang.String,java.lang.String)[pri:0, instance:dataprovider@5e0826e7]" started-at="2022-02-07T01:55:03 IST" name="test_post" data-provider="postdata" finished-at="2022-02-07T01:55:03 IST" duration-ms="339" status="PASS">
          <params>
            <param index="0">
              <value>
                <![CDATA[IronMan]]>
              </value>
            </param>
            <param index="1">
              <value>
                <![CDATA[Industrilaist]]>
              </value>
            </param>
          </params>
          <reporter-output>
          </reporter-output>
        </test-method> <!-- test_post -->
      </class> <!-- dataprovider -->
    </test> <!-- Default test -->
  </suite> <!-- Default suite -->
</testng-results>
